<?xml version="1.0" encoding="UTF-8"?>
<!-- Generated by org.testng.reporters.JUnitReportReporter -->
<testsuite hostname="vinitha" failures="0" tests="1" name="pomTests.EbayProdSearchTest" time="9.857" errors="0" timestamp="2023-03-01T21:31:14 IST" skipped="0">
  <testcase classname="pomTests.EbayProdSearchTest" name="prodSearch" time="9.857"/>
  <system-out>
    <![CDATA[Ebay product search test is successful...]]>
  </system-out>
</testsuite> <!-- pomTests.EbayProdSearchTest -->
